Build started 14/11/2016 14:28:30.
     1>Project "E:\Graphics Code 2015\Graphics For Games\7) Scene Management\Tutorial7.vcxproj" on node 2 (Build target(s)).
     1>ClCompile:
         C:\Program Files (x86)\Microsoft Visual Studio 14.0\VC\bin\CL.exe /c /ZI /nologo /W3 /WX- /Od /Oy- /D _MBCS /Gm /EHsc /RTC1 /MDd /GS /fp:precise /Zc:wchar_t /Zc:forScope /Zc:inline /Fo"Debug\\" /Fd"Debug\vc140.pdb" /Gd /TP /analyze- /errorReport:prompt Renderer.cpp Tutorial7.cpp
         Renderer.cpp
         Generating Code...
         Compiling...
         Tutorial7.cpp
         Generating Code...
       Link:
         C:\Program Files (x86)\Microsoft Visual Studio 14.0\VC\bin\link.exe /ERRORREPORT:PROMPT /OUT:"E:\Graphics Code 2015\Graphics For Games\Debug\Tutorial 07 - Scene Management.exe" /INCREMENTAL /NOLOGO kernel32.lib user32.lib gdi32.lib winspool.lib comdlg32.lib advapi32.lib shell32.lib ole32.lib oleaut32.lib uuid.lib odbc32.lib odbccp32.lib /MANIFEST /MANIFESTUAC:"level='asInvoker' uiAccess='false'" /manifest:embed /Debug /PDB:"E:\Graphics Code 2015\Graphics For Games\Debug\Tutorial 07 - Scene Management.pdb" /TLBID:1 /DYNAMICBASE /NXCOMPAT /IMPLIB:"E:\Graphics Code 2015\Graphics For Games\Debug\Tutorial 07 - Scene Management.lib" /MACHINE:X86 Debug\Renderer.obj
         Debug\Tutorial7.obj
     1>Renderer.obj : warning LNK4049: locally defined symbol ___glewGetUniformLocation imported
     1>Renderer.obj : warning LNK4049: locally defined symbol ___glewUniform1i imported
     1>Renderer.obj : warning LNK4049: locally defined symbol ___glewUniform4fv imported
     1>Renderer.obj : warning LNK4049: locally defined symbol ___glewUniformMatrix4fv imported
     1>Renderer.obj : warning LNK4049: locally defined symbol ___glewUseProgram imported
     1>glew32.lib(glew.obj) : warning LNK4099: PDB 'vc120.pdb' was not found with 'glew32.lib(glew.obj)' or at 'E:\Graphics Code 2015\Graphics For Games\Debug\vc120.pdb'; linking object as if no debug info
         Tutorial7.vcxproj -> E:\Graphics Code 2015\Graphics For Games\Debug\Tutorial 07 - Scene Management.exe
     1>Done Building Project "E:\Graphics Code 2015\Graphics For Games\7) Scene Management\Tutorial7.vcxproj" (Build target(s)).

Build succeeded.

Time Elapsed 00:00:02.36
